iter 85200, loss: 23.014620
----
 ,17,31,32,13
02,01,0 
----
----
 ,32,14
05,04,12,14,1 
----
----
 3,19,27,31,08
02,08, 
----
----
 ,27,06
02,08,11,18,1 
----
----
 ,12,09,15,25,14
02,0 
----
----
 2,14,24,28,33,05
11, 
----
----
 ,33,03
02,08,05,14,1 
----
----
 0,11,13,16
05,09,22, 
----
----
 0,23,30,32,05
01,04, 
----
----
 ,01
03,05,11,17,33,0 
----
----
 ,29,27,33,13
02,05,0 
----
----
 23,25,26,29,32,33,03 
----
----
 10,12,16,18,20,29,32 
----
----
 0,27,32,06
04,08,11, 
----
----
 2,10,32,08
03,03,09, 
----
----
 ,16,24,14
06,09,14,1 
----
----
 2,06,14,25,29,09
19, 
----
----
 ,24,32,09
03,11,21,2 
----
----
 0,17,21,27,32,05
14, 
----
----
 ,15,13,22,30,31,13
0 
----
----
 ,30,12
03,07,21,20,2 
----
----
 3,06,16,22,30,12
02, 
----
----
 ,25,28,02
03,07,13,1 
----
----
 3,08
02,13,19,24,29, 
----
----
 11,15,13,17,23,25,16 
----
iter 85300, loss: 22.989816
----
 3,12,18,20,19
05,08, 
----
----
 ,33,08
03,10,19,31,3 
----
----
 ,16,27,33,06
02,07,1 
----
----
 0,19,30,10
02,08,14, 
----
----
 ,32,04
02,11,19,27,3 
----
----
 0,12,16,19,26,31,04
 
----
----
 ,12,25,30,09
08,08,1 
----
----
 ,25,30,11
04,11,21,2 
----
----
 ,33,03
03,09,17,21,3 
----
----
 ,17,08,20,30,02
01,0 
----
----
 ,03
05,08,07,06,21,2 
----
----
 0,24,31,32,13
02,09, 
----
----
 ,24,30,08
01,07,14,2 
----
----
 ,20,25,26,33,08
03,0 
----
----
 1,24,25,07
05,09,10, 
----
----
 0,13,19,30,31,05
02, 
----
----
 1,14,15
07,11,18,30, 
----
----
 ,01,01,11,19,23,26,3 
----
iter 85400, loss: 23.015439
iter 85500, loss: 23.033133
iter 85600, loss: 23.025498
iter 85700, loss: 23.025986
----
 0,16,14,16,18,25,27, 
----
----
 0,12,18,27,32,18
02, 
----
----
 1,17,27,29,15
01,12, 
----
----
 3,15
07,18,20,27,28, 
----
----
 1,12
02,11,13,16,19, 
----
----
 ,15
04,08,14,22,28,2 
----
----
 0,28,27,06
05,09,15, 
----
----
 ,22,33,30,14
02,03,0 
----
----
 
14,08,14,22,23,29,5 
----
----
 1,17,19,29,07
02,05, 
----
----
 ,17,22,28,13
08,08,1 
----
iter 85800, loss: 22.992259
----
 4,06
03,06,14,13,16, 
----
----
 ,14
03,08,17,18,20,2 
----
----
 ,07
01,01,11,16,26,2 
----
----
 ,16,18,08
06,08,14,1 
----
----
 ,20,32,01
01,03,07,1 
----
----
 ,21,11
10,12,17,19,2 
----
----
 3,12,14,24,32,02
01, 
----
----
 
01,03,10,22,26,28,0 
----
----
 03,05,14,20,23,31,33 
----
----
 ,25,27,05
08,14,16,1 
----
----
 1,17,33,16
05,08,13, 
----
----
 0,10,15,22,29,10
03, 
----
iter 85900, loss: 23.010102
iter 86000, loss: 23.046779
iter 86100, loss: 23.044569
iter 86200, loss: 23.039108
iter 86300, loss: 23.053333
iter 86400, loss: 23.061375
iter 86500, loss: 23.056305
iter 86600, loss: 23.054175
iter 86700, loss: 23.033923
iter 86800, loss: 23.014913
iter 86900, loss: 23.013706
iter 87000, loss: 23.006199
----
 2,15,18,22,31,15
01, 
----
----
 ,12
01,03,06,08,16,2 
----
----
 2,08,15,22,28,07
02, 
----
----
 ,31,30,12
01,08,10,1 
----
----
 ,14,26,05
05,03,15,2 
----
----
 10,13,19,24,26,32,07 
----
----
 2,18,22,33,05
02,03, 
----
----
 ,08
02,04,08,09,14,2 
----
----
 2,06,11,19,29,03
01, 
----
----
 01,04,13,24,25,31,05 
----
----
 ,20,25,26,30,06
01,0 
----
----
 1,11,13,15,24,10
03, 
----
----
 ,22,26,30,07
11,16,1 
----
----
 ,21,33,16
03,04,06,1 
----
----
 0,11,13,13
00,05,09, 
----
----
 ,08,11,23,27,30,04
0 
----
----
 2,19,23,25,29,11
01, 
----
----
 2,07,14,15,08
02,06, 
----
----
 2,09,15,20,26,32,13
 
----
----
 ,08,11,16,16,22,20,2 
----
----
 ,05,18,25,28,31,02
2 
----
----
 3,31,13
09,08,10,17, 
----
----
 1,17,22,26,28,06
13, 
----
----
 ,17,28,07
01,07,08,1 
----
----
 3,06
05,07,22,26,30, 
----
----
 ,25,07
01,07,15,31,3 
----
----
 0,19,24,16
07,13,07, 
----
----
 ,16,21,27,14
02,08,1 
----
----
 1,16
01,11,13,16,23, 
----
----
 
01,12,15,20,24,30,0 
----
----
 0,11
05,13,20,21,30, 
----
----
 ,07,05,17,18,26,14
0 
----
iter 87100, loss: 22.987028
----
 ,08
06,17,14,21,30,0 
----
----
 ,15,18,23,29,30,16
1 
----
----
 1,15,17,20,23,07
01, 
----
----
 ,32,09
01,05,18,22,2 
----
----
 0,10,15,20,01
01,07, 
----
----
 1,16,17,25,16
07,14, 
----
----
 ,32,06
04,09,13,17,2 
----
----
 0,14
05,09,11,22,21, 
----
----
 ,14,18,18,20,32,17,2 
----
----
 ,06
01,03,08,13,23,3 
----
----
 0,15,22,29,31,12
06, 
----
----
 ,23,27,31,03
03,15,2 
----
----
 
02,05,07,10,14,19,2 
----
----
 0,15,21,23,27,29,12
 
----
----
 ,29,02
07,12,19,22,2 
----
----
 ,05,13,08
02,11,14,1 
----
----
 3,16,19,01
03,13,18, 
----
----
 ,26,33,13
13,13,22,0 
----
----
 ,18,12
03,04,06,08,1 
----
----
 ,03
03,05,07,17,16,3 
----
----
 ,17,24,23,12
04,11,1 
----
----
 
09,12,08,13,19,23,2 
----
----
 01,03,08,19,24,25,33 
----
----
 1,18
02,06,09,11,15, 
----
----
 ,25,33,02
08,16,17,2 
----
----
 3,14,19,27,29,02
03, 
----
----
 2,06,10,20,23,28,11
 
----
----
 ,10
11,17,20,21,29,3 
----
----
 ,26,10
02,16,15,08,2 
----
----
 15,22,24,27,31,32,04 
----
----
 0,27,29,13
10,12,16, 
----
----
 ,27,02
03,04,11,10,1 
----
iter 87200, loss: 23.009640
----
 0,12,23,26,16
04,10, 
----
----
 ,25,23,13
03,09,14,1 
----
iter 87300, loss: 23.025859
iter 87400, loss: 23.015725
iter 87500, loss: 23.012712
----
 0,21,20,31,33,09
13, 
----
----
 1,08,12,16,22,28,04
 
----
----
 20,11,19,23,27,28,32 
----
----
 ,04
01,02,10,13,22,0 
----
----
 0,28,32,13
01,08,12, 
----
----
 ,13,17,28,33,09
10,1 
----
----
 1,10,19,24,23,14
03, 
----
----
 
04,07,09,21,22,27,1 
----
----
 1,16,07
07,10,14,18, 
----
----
 ,21,28,30,09
01,08,1 
----
----
 ,02,05,05,10,16,22,3 
----
----
 0,29,30,32,33,05
01, 
----
----
 ,11,17,31,08
05,08,1 
----
----
 ,21,28,33,08
03,08,1 
----
----
 ,20,26,29,08
08,10,1 
----
----
 
04,09,08,14,18,25,3 
----
----
 ,2,133,10
03,13,17,1 
----
----
 2,15,18,19,20,22,05
 
----
----
 ,01,05,10,20,27,27,2 
----
----
 0,13,18,29,10
08,12, 
----
----
 ,23,30,02
04,06,18,2 
----
----
 1,13,29,04
03,10,21, 
----
----
 ,03,15,17,26,21,26,3 
----
----
 0,15,19,24,29,23,13
 
----
----
 0,21,33,09
04,08,13, 
----
----
 ,12,12,19,16,22,25,2 
----
----
 
03,07,08,16,18,24,2 
----
----
 7,23,12
02,03,06,16, 
----
iter 87600, loss: 22.982612
----
 3,17,16,29,22
02,03, 
----
----
 ,16
06,10,17,21,28,3 
----
----
 ,05,10,20,20,24,27,2 
----
----
 0,11,29,31,15
01,12, 
----
----
 ,19,32,06
04,13,25,2 
----
----
 1,08,16,22,29,12
03, 
----
----
 ,26,18
04,08,25,28,1 
----
----
 
14,16,18,27,29,32,0 
----
----
 2,07,12,18,29,02
07, 
----
----
 ,29,27,06
04,09,15,2 
----
----
 1,10,12,17,21,33,14
 
----
----
 ,05,07,20,26,08
07,1 
----
----
 10,17,16,20,24,31,05 
----
----
 1,22,20,23,27,11
07, 
----
----
 ,24,29,06
01,02,05,1 
----
----
 1,18,20,22,27,30,04
 
----
----
 ,09,15,25,25,30,33,0 
----
----
 ,30,32,11
10,12,21,1 
----
----
 0,20,22,30,06
04,09, 
----
----
 ,28,29,06
05,18,22,2 
----
----
 ,22,31,02
02,09,12,1 
----
----
 ,16,23,26,01
01,10,1 
----
----
 0,13,17,31,10
06,07, 
----
----
 ,29,10
13,16,19,31,0 
----
----
 1,13,21,12
06,22,27, 
----
----
 ,04
03,03,07,11,13,1 
----
----
 0,11,15,16,21,26,10
 
----
----
 0,20,27,29,10
01,06, 
----
----
 1,14,23,22,30,32,12
 
----
iter 87700, loss: 22.999247
----
 1,15,14,19,22,35,14
 
----
----
 ,30,32,04
05,08,15,1 
----
iter 87800, loss: 23.034366
iter 87900, loss: 23.039157